<?xml version="1.0" encoding="UTF-8"?>
<testsuite xmlns:xsi="http://www.w3.org/2001/XMLSchema-instance" xsi:noNamespaceSchemaLocation="https://maven.apache.org/surefire/maven-surefire-plugin/xsd/surefire-test-report-3.0.xsd" version="3.0" name="sorting.test.StudentSortingTest" time="0.087" tests="20" errors="0" skipped="0" failures="0">
  <properties>
[...]
</properties>
  <testcase name="countingSortPrimeiraMetadeArrayImpar" classname="sorting.test.StudentSortingTest" time="0.019"/>
  <testcase name="extendedCountingSortSegundaMetadeArrayImpar" classname="sorting.test.StudentSortingTest" time="0.0"/>
  <testcase name="countingSortArrayVazio" classname="sorting.test.StudentSortingTest" time="0.0"/>
  <testcase name="countingSortArrayTamPar" classname="sorting.test.StudentSortingTest" time="0.0"/>
  <testcase name="countingSortSegundaMetadeArrayImpar" classname="sorting.test.StudentSortingTest" time="0.0"/>
  <testcase name="countingSortPrimeiraMetadeArrayPar" classname="sorting.test.StudentSortingTest" time="0.0"/>
  <testcase name="extendedCountingSortArrayElementosIguais" classname="sorting.test.StudentSortingTest" time="0.0"/>
  <testcase name="extendedCountingArrayCrescente" classname="sorting.test.StudentSortingTest" time="0.0"/>
  <testcase name="countingSortArrayCrescente" classname="sorting.test.StudentSortingTest" time="0.0"/>
  <testcase name="countingSortSegundaMetadeArrayPar" classname="sorting.test.StudentSortingTest" time="0.001"/>
  <testcase name="extendedCountingSortArrayVazio" classname="sorting.test.StudentSortingTest" time="0.0"/>
  <testcase name="countingSortArrayElementosIguais" classname="sorting.test.StudentSortingTest" time="0.001"/>
  <testcase name="extendedCountingSortArrayElementosRepetidos" classname="sorting.test.StudentSortingTest" time="0.0"/>
  <testcase name="ExtendedCountingSortVetorTamImpar" classname="sorting.test.StudentSortingTest" time="0.001"/>
  <testcase name="extendedCountingSortPrimeiraMetadeArrayImpar" classname="sorting.test.StudentSortingTest" time="0.0"/>
  <testcase name="extendedCountingSortSegundaMetadeArrayPar" classname="sorting.test.StudentSortingTest" time="0.001"/>
  <testcase name="countingSortArrayTamImpar" classname="sorting.test.StudentSortingTest" time="0.0"/>
  <testcase name="extendedCountingSortPrimeiraMetadeArrayPar" classname="sorting.test.StudentSortingTest" time="0.0"/>
  <testcase name="ExtendedCountingSortVetorTamPar" classname="sorting.test.StudentSortingTest" time="0.0"/>
  <testcase name="countingSortArrayElementosRepetidos" classname="sorting.test.StudentSortingTest" time="0.0"/>
</testsuite>